<?xml version="1.0" encoding="UTF-8"?>
<testsuite name="com.example.blogs.BlogsApplicationTests" tests="1" skipped="0" failures="0" errors="0" timestamp="2019-08-27T20:16:33" hostname="192-168-1-115.tpgi.com.au" time="0.428">
  <properties/>
  <testcase name="contextLoads" classname="com.example.blogs.BlogsApplicationTests" time="0.428"/>
  <system-out><![CDATA[06:16:31.386 [Test worker] DEBUG org.springframework.test.context.junit4.SpringJUnit4ClassRunner - SpringJUnit4ClassRunner constructor called with [class com.example.blogs.BlogsApplicationTests]
06:16:31.394 [Test worker] DEBUG org.springframework.test.context.BootstrapUtils - Instantiating CacheAwareContextLoaderDelegate from class [org.springframework.test.context.cache.DefaultCacheAwareContextLoaderDelegate]
06:16:31.402 [Test worker] DEBUG org.springframework.test.context.BootstrapUtils - Instantiating BootstrapContext using constructor [public org.springframework.test.context.support.DefaultBootstrapContext(java.lang.Class,org.springframework.test.context.CacheAwareContextLoaderDelegate)]
06:16:31.416 [Test worker] DEBUG org.springframework.test.context.BootstrapUtils - Instantiating TestContextBootstrapper for test class [com.example.blogs.BlogsApplicationTests] from class [org.springframework.boot.test.context.SpringBootTestContextBootstrapper]
06:16:31.428 [Test worker] INFO org.springframework.boot.test.context.SpringBootTestContextBootstrapper - Neither @ContextConfiguration nor @ContextHierarchy found for test class [com.example.blogs.BlogsApplicationTests], using SpringBootContextLoader
06:16:31.430 [Test worker] DEBUG org.springframework.test.context.support.AbstractContextLoader - Did not detect default resource location for test class [com.example.blogs.BlogsApplicationTests]: class path resource [com/example/blogs/BlogsApplicationTests-context.xml] does not exist
06:16:31.431 [Test worker] DEBUG org.springframework.test.context.support.AbstractContextLoader - Did not detect default resource location for test class [com.example.blogs.BlogsApplicationTests]: class path resource [com/example/blogs/BlogsApplicationTestsContext.groovy] does not exist
06:16:31.431 [Test worker] INFO org.springframework.test.context.support.AbstractContextLoader - Could not detect default resource locations for test class [com.example.blogs.BlogsApplicationTests]: no resource found for suffixes {-context.xml, Context.groovy}.
06:16:31.432 [Test worker] INFO org.springframework.test.context.support.AnnotationConfigContextLoaderUtils - Could not detect default configuration classes for test class [com.example.blogs.BlogsApplicationTests]: BlogsApplicationTests does not declare any static, non-private, non-final, nested classes annotated with @Configuration.
06:16:31.468 [Test worker] DEBUG org.springframework.test.context.support.ActiveProfilesUtils - Could not find an 'annotation declaring class' for annotation type [org.springframework.test.context.ActiveProfiles] and class [com.example.blogs.BlogsApplicationTests]
06:16:31.522 [Test worker] DEBUG org.springframework.context.annotation.ClassPathScanningCandidateComponentProvider - Identified candidate component class: file [/Users/arunchalise/development/projects/blogs-example/backend/build/classes/java/main/com/example/blogs/BlogsApplication.class]
06:16:31.524 [Test worker] INFO org.springframework.boot.test.context.SpringBootTestContextBootstrapper - Found @SpringBootConfiguration com.example.blogs.BlogsApplication for test class com.example.blogs.BlogsApplicationTests
06:16:31.600 [Test worker] DEBUG org.springframework.boot.test.context.SpringBootTestContextBootstrapper - @TestExecutionListeners is not present for class [com.example.blogs.BlogsApplicationTests]: using defaults.
06:16:31.602 [Test worker] INFO org.springframework.boot.test.context.SpringBootTestContextBootstrapper - Loaded default TestExecutionListener class names from location [META-INF/spring.factories]: [org.springframework.boot.test.autoconfigure.restdocs.RestDocsTestExecutionListener, org.springframework.boot.test.autoconfigure.web.client.MockRestServiceServerResetTestExecutionListener, org.springframework.boot.test.autoconfigure.web.servlet.MockMvcPrintOnlyOnFailureTestExecutionListener, org.springframework.boot.test.autoconfigure.web.servlet.WebDriverTestExecutionListener, org.springframework.boot.test.mock.mockito.MockitoTestExecutionListener, org.springframework.boot.test.mock.mockito.ResetMocksTestExecutionListener, org.springframework.test.context.web.ServletTestExecutionListener, org.springframework.test.context.support.DirtiesContextBeforeModesTestExecutionListener, org.springframework.test.context.support.DependencyInjectionTestExecutionListener, org.springframework.test.context.support.DirtiesContextTestExecutionListener, org.springframework.test.context.transaction.TransactionalTestExecutionListener, org.springframework.test.context.jdbc.SqlScriptsTestExecutionListener]
06:16:31.610 [Test worker] DEBUG org.springframework.boot.test.context.SpringBootTestContextBootstrapper - Skipping candidate TestExecutionListener [org.springframework.test.context.web.ServletTestExecutionListener] due to a missing dependency. Specify custom listener classes or make the default listener classes and their required dependencies available. Offending class: [javax/servlet/ServletContext]
06:16:31.612 [Test worker] DEBUG org.springframework.boot.test.context.SpringBootTestContextBootstrapper - Skipping candidate TestExecutionListener [org.springframework.test.context.transaction.TransactionalTestExecutionListener] due to a missing dependency. Specify custom listener classes or make the default listener classes and their required dependencies available. Offending class: [org/springframework/transaction/interceptor/TransactionAttributeSource]
06:16:31.612 [Test worker] DEBUG org.springframework.boot.test.context.SpringBootTestContextBootstrapper - Skipping candidate TestExecutionListener [org.springframework.test.context.jdbc.SqlScriptsTestExecutionListener] due to a missing dependency. Specify custom listener classes or make the default listener classes and their required dependencies available. Offending class: [org/springframework/transaction/interceptor/TransactionAttribute]
06:16:31.612 [Test worker] INFO org.springframework.boot.test.context.SpringBootTestContextBootstrapper - Using TestExecutionListeners: [org.springframework.test.context.support.DirtiesContextBeforeModesTestExecutionListener@732159d7, org.springframework.boot.test.mock.mockito.MockitoTestExecutionListener@28f5db13, org.springframework.boot.test.autoconfigure.SpringBootDependencyInjectionTestExecutionListener@234e776d, org.springframework.test.context.support.DirtiesContextTestExecutionListener@6b8a79a8, org.springframework.boot.test.autoconfigure.restdocs.RestDocsTestExecutionListener@129c6aef, org.springframework.boot.test.autoconfigure.web.client.MockRestServiceServerResetTestExecutionListener@14b706ec, org.springframework.boot.test.autoconfigure.web.servlet.MockMvcPrintOnlyOnFailureTestExecutionListener@4492ee08, org.springframework.boot.test.autoconfigure.web.servlet.WebDriverTestExecutionListener@7c6d880b, org.springframework.boot.test.mock.mockito.ResetMocksTestExecutionListener@d575e7b]
06:16:31.615 [Test worker] DEBUG org.springframework.test.annotation.ProfileValueUtils - Retrieved @ProfileValueSourceConfiguration [null] for test class [com.example.blogs.BlogsApplicationTests]
06:16:31.615 [Test worker] DEBUG org.springframework.test.annotation.ProfileValueUtils - Retrieved ProfileValueSource type [class org.springframework.test.annotation.SystemProfileValueSource] for class [com.example.blogs.BlogsApplicationTests]
06:16:31.616 [Test worker] DEBUG org.springframework.test.annotation.ProfileValueUtils - Retrieved @ProfileValueSourceConfiguration [null] for test class [com.example.blogs.BlogsApplicationTests]
06:16:31.616 [Test worker] DEBUG org.springframework.test.annotation.ProfileValueUtils - Retrieved ProfileValueSource type [class org.springframework.test.annotation.SystemProfileValueSource] for class [com.example.blogs.BlogsApplicationTests]
06:16:31.622 [Test worker] DEBUG org.springframework.test.context.support.AbstractDirtiesContextTestExecutionListener - Before test class: context [DefaultTestContext@785f71b2 testClass = BlogsApplicationTests, testInstance = [null], testMethod = [null], testException = [null], mergedContextConfiguration = [ReactiveWebMergedContextConfiguration@5539adcf testClass = BlogsApplicationTests, locations = '{}', classes = '{class com.example.blogs.BlogsApplication}', contextInitializerClasses = '[]', activeProfiles = '{}', propertySourceLocations = '{}', propertySourceProperties = '{org.springframework.boot.test.context.SpringBootTestContextBootstrapper=true}', contextCustomizers = set[org.springframework.boot.test.autoconfigure.properties.PropertyMappingContextCustomizer@0, org.springframework.boot.test.autoconfigure.web.servlet.WebDriverContextCustomizerFactory$Customizer@cbfd15, org.springframework.boot.test.context.filter.ExcludeFilterContextCustomizer@2184c825, org.springframework.boot.test.json.DuplicateJsonObjectContextCustomizerFactory$DuplicateJsonObjectContextCustomizer@1fed2d6f, org.springframework.boot.test.mock.mockito.MockitoContextCustomizer@0, org.springframework.boot.test.web.client.TestRestTemplateContextCustomizer@6b411e4, org.springframework.boot.test.web.reactive.server.WebTestClientContextCustomizer@32b111ae], contextLoader = 'org.springframework.boot.test.context.SpringBootContextLoader', parent = [null]], attributes = map[[empty]]], class annotated with @DirtiesContext [false] with mode [null].
06:16:31.623 [Test worker] DEBUG org.springframework.test.annotation.ProfileValueUtils - Retrieved @ProfileValueSourceConfiguration [null] for test class [com.example.blogs.BlogsApplicationTests]
06:16:31.623 [Test worker] DEBUG org.springframework.test.annotation.ProfileValueUtils - Retrieved ProfileValueSource type [class org.springframework.test.annotation.SystemProfileValueSource] for class [com.example.blogs.BlogsApplicationTests]
06:16:31.628 [Test worker] DEBUG org.springframework.test.context.support.DependencyInjectionTestExecutionListener - Performing dependency injection for test context [[DefaultTestContext@785f71b2 testClass = BlogsApplicationTests, testInstance = com.example.blogs.BlogsApplicationTests@c89128, testMethod = [null], testException = [null], mergedContextConfiguration = [ReactiveWebMergedContextConfiguration@5539adcf testClass = BlogsApplicationTests, locations = '{}', classes = '{class com.example.blogs.BlogsApplication}', contextInitializerClasses = '[]', activeProfiles = '{}', propertySourceLocations = '{}', propertySourceProperties = '{org.springframework.boot.test.context.SpringBootTestContextBootstrapper=true}', contextCustomizers = set[org.springframework.boot.test.autoconfigure.properties.PropertyMappingContextCustomizer@0, org.springframework.boot.test.autoconfigure.web.servlet.WebDriverContextCustomizerFactory$Customizer@cbfd15, org.springframework.boot.test.context.filter.ExcludeFilterContextCustomizer@2184c825, org.springframework.boot.test.json.DuplicateJsonObjectContextCustomizerFactory$DuplicateJsonObjectContextCustomizer@1fed2d6f, org.springframework.boot.test.mock.mockito.MockitoContextCustomizer@0, org.springframework.boot.test.web.client.TestRestTemplateContextCustomizer@6b411e4, org.springframework.boot.test.web.reactive.server.WebTestClientContextCustomizer@32b111ae], contextLoader = 'org.springframework.boot.test.context.SpringBootContextLoader', parent = [null]], attributes = map[[empty]]]].
06:16:31.644 [Test worker] DEBUG org.springframework.test.context.support.TestPropertySourceUtils - Adding inlined properties to environment: {spring.jmx.enabled=false, org.springframework.boot.test.context.SpringBootTestContextBootstrapper=true, server.port=-1}

  .   ____          _            __ _ _
 /\\ / ___'_ __ _ _(_)_ __  __ _ \ \ \ \
( ( )\___ | '_ | '_| | '_ \/ _` | \ \ \ \
 \\/  ___)| |_)| | | | | || (_| |  ) ) ) )
  '  |____| .__|_| |_|_| |_\__, | / / / /
 =========|_|==============|___/=/_/_/_/
 :: Spring Boot ::        (v2.1.7.RELEASE)

2019-08-28 06:16:31.964  INFO 15566 --- [    Test worker] com.example.blogs.BlogsApplicationTests  : Starting BlogsApplicationTests on 192-168-1-115.tpgi.com.au with PID 15566 (started by arunchalise in /Users/arunchalise/development/projects/blogs-example/backend)
2019-08-28 06:16:31.967  INFO 15566 --- [    Test worker] com.example.blogs.BlogsApplicationTests  : No active profile set, falling back to default profiles: default
2019-08-28 06:16:33.683  INFO 15566 --- [    Test worker] com.example.blogs.BlogsApplicationTests  : Started BlogsApplicationTests in 2.033 seconds (JVM running for 3.073)
]]></system-out>
  <system-err><![CDATA[]]></system-err>
</testsuite>
